<?xml version="1.0" encoding="UTF-8"?>
<testsuite name="Tests" tests="1" skipped="0" failures="0" errors="0" timestamp="2022-04-02T19:27:28" hostname="JETON-E546" time="6.126">
  <properties/>
  <testcase name="start" classname="Tests" time="6.126"/>
  <system-out><![CDATA[?[1;31m
Start test 1?[0m

  .   ____          _            __ _ _
 /\\ / ___'_ __ _ _(_)_ __  __ _ \ \ \ \
( ( )\___ | '_ | '_| | '_ \/ _` | \ \ \ \
 \\/  ___)| |_)| | | | | || (_| |  ) ) ) )
  '  |____| .__|_| |_|_| |_\__, | / / / /
 =========|_|==============|___/=/_/_/_/
 :: Spring Boot ::                (v2.5.6)

2022-04-02 21:27:29.407  INFO 18748 --- [    Test worker] task.Main                                : Starting Main using Java 17.0.2 on Jeton-E546 with PID 18748 (started by Jeton.Ramadani in C:\Users\jeton.ramadani.CORP\IdeaProjects\Code Sharing Platform\Topics\Getting data from REST\Getting all tasks)
2022-04-02 21:27:29.422  INFO 18748 --- [    Test worker] task.Main                                : No active profile set, falling back to default profiles: default
2022-04-02 21:27:31.959  INFO 18748 --- [    Test worker] o.s.b.w.embedded.tomcat.TomcatWebServer  : Tomcat initialized with port(s): 28852 (http)
2022-04-02 21:27:31.975  INFO 18748 --- [    Test worker] o.apache.catalina.core.StandardService   : Starting service [Tomcat]
2022-04-02 21:27:31.975  INFO 18748 --- [    Test worker] org.apache.catalina.core.StandardEngine  : Starting Servlet engine: [Apache Tomcat/9.0.54]
2022-04-02 21:27:32.162  INFO 18748 --- [    Test worker] o.a.c.c.C.[Tomcat].[localhost].[/]       : Initializing Spring embedded WebApplicationContext
2022-04-02 21:27:32.162  INFO 18748 --- [    Test worker] w.s.c.ServletWebServerApplicationContext : Root WebApplicationContext: initialization completed in 2599 ms
2022-04-02 21:27:33.427  INFO 18748 --- [    Test worker] o.s.b.a.e.web.EndpointLinksResolver      : Exposing 14 endpoint(s) beneath base path '/actuator'
2022-04-02 21:27:33.505  INFO 18748 --- [    Test worker] o.s.b.w.embedded.tomcat.TomcatWebServer  : Tomcat started on port(s): 28852 (http) with context path ''
2022-04-02 21:27:33.521  INFO 18748 --- [    Test worker] task.Main                                : Started Main in 4.925 seconds (JVM running for 6.141)
2022-04-02 21:27:34.099  INFO 18748 --- [io-28852-exec-1] o.a.c.c.C.[Tomcat].[localhost].[/]       : Initializing Spring DispatcherServlet 'dispatcherServlet'
2022-04-02 21:27:34.099  INFO 18748 --- [io-28852-exec-1] o.s.web.servlet.DispatcherServlet        : Initializing Servlet 'dispatcherServlet'
2022-04-02 21:27:34.099  INFO 18748 --- [io-28852-exec-1] o.s.web.servlet.DispatcherServlet        : Completed initialization in 0 ms
]]></system-out>
  <system-err><![CDATA[]]></system-err>
</testsuite>
