<?xml version="1.0" encoding="UTF-8"?>
<testsuite name="Tests" tests="1" skipped="0" failures="0" errors="0" timestamp="2022-04-02T16:44:29" hostname="JETON-E546" time="10.695">
  <properties/>
  <testcase name="start" classname="Tests" time="10.695"/>
  <system-out><![CDATA[?[1;31m
Start test 1?[0m

  .   ____          _            __ _ _
 /\\ / ___'_ __ _ _(_)_ __  __ _ \ \ \ \
( ( )\___ | '_ | '_| | '_ \/ _` | \ \ \ \
 \\/  ___)| |_)| | | | | || (_| |  ) ) ) )
  '  |____| .__|_| |_|_| |_\__, | / / / /
 =========|_|==============|___/=/_/_/_/
 :: Spring Boot ::                (v2.5.6)

2022-04-02 18:44:31.650  INFO 15364 --- [    Test worker] task.Main                                : Starting Main using Java 17.0.2 on Jeton-E546 with PID 15364 (started by Jeton.Ramadani in C:\Users\jeton.ramadani.CORP\IdeaProjects\Code Sharing Platform\Topics\Getting data from REST\Two endpoints)
2022-04-02 18:44:31.650  INFO 15364 --- [    Test worker] task.Main                                : No active profile set, falling back to default profiles: default
2022-04-02 18:44:35.286  INFO 15364 --- [    Test worker] o.s.b.w.embedded.tomcat.TomcatWebServer  : Tomcat initialized with port(s): 28852 (http)
2022-04-02 18:44:35.321  INFO 15364 --- [    Test worker] o.apache.catalina.core.StandardService   : Starting service [Tomcat]
2022-04-02 18:44:35.322  INFO 15364 --- [    Test worker] org.apache.catalina.core.StandardEngine  : Starting Servlet engine: [Apache Tomcat/9.0.54]
2022-04-02 18:44:35.541  INFO 15364 --- [    Test worker] o.a.c.c.C.[Tomcat].[localhost].[/]       : Initializing Spring embedded WebApplicationContext
2022-04-02 18:44:35.542  INFO 15364 --- [    Test worker] w.s.c.ServletWebServerApplicationContext : Root WebApplicationContext: initialization completed in 3665 ms
2022-04-02 18:44:38.128  INFO 15364 --- [    Test worker] o.s.b.a.e.web.EndpointLinksResolver      : Exposing 14 endpoint(s) beneath base path '/actuator'
2022-04-02 18:44:38.268  INFO 15364 --- [    Test worker] o.s.b.w.embedded.tomcat.TomcatWebServer  : Tomcat started on port(s): 28852 (http) with context path ''
2022-04-02 18:44:38.323  INFO 15364 --- [    Test worker] task.Main                                : Started Main in 7.799 seconds (JVM running for 10.915)
2022-04-02 18:44:39.973  INFO 15364 --- [io-28852-exec-1] o.a.c.c.C.[Tomcat].[localhost].[/]       : Initializing Spring DispatcherServlet 'dispatcherServlet'
2022-04-02 18:44:39.973  INFO 15364 --- [io-28852-exec-1] o.s.web.servlet.DispatcherServlet        : Initializing Servlet 'dispatcherServlet'
2022-04-02 18:44:39.974  INFO 15364 --- [io-28852-exec-1] o.s.web.servlet.DispatcherServlet        : Completed initialization in 1 ms
?[1;31m
Start test 2?[0m
?[1;31m
Start test 3?[0m
?[1;31m
Start test 4?[0m
]]></system-out>
  <system-err><![CDATA[]]></system-err>
</testsuite>
