<?xml version="1.0" encoding="UTF-8"?>
<testsuite name="CarSharingTest" tests="1" skipped="0" failures="0" errors="0" timestamp="2022-03-15T12:45:41" hostname="JETON-E546" time="0.624">
  <properties/>
  <testcase name="start" classname="CarSharingTest" time="0.624"/>
  <system-out><![CDATA[?[1;31m
Start test 1?[0m
?[1;31m
Start test 2?[0m
?[1;31m
Start test 3?[0m
?[1;31m
Start test 4?[0m
?[1;31m
Start test 5?[0m
]]></system-out>
  <system-err><![CDATA[]]></system-err>
</testsuite>
