<?xml version="1.0" encoding="UTF-8"?>
<testsuite name="Tests" tests="1" skipped="0" failures="0" errors="0" timestamp="2022-04-02T19:24:45" hostname="JETON-E546" time="6.03">
  <properties/>
  <testcase name="start" classname="Tests" time="6.03"/>
  <system-out><![CDATA[?[1;31m
Start test 1?[0m

  .   ____          _            __ _ _
 /\\ / ___'_ __ _ _(_)_ __  __ _ \ \ \ \
( ( )\___ | '_ | '_| | '_ \/ _` | \ \ \ \
 \\/  ___)| |_)| | | | | || (_| |  ) ) ) )
  '  |____| .__|_| |_|_| |_\__, | / / / /
 =========|_|==============|___/=/_/_/_/
 :: Spring Boot ::                (v2.5.6)

2022-04-02 21:24:46.851  INFO 10964 --- [    Test worker] task.Main                                : Starting Main using Java 17.0.2 on Jeton-E546 with PID 10964 (started by Jeton.Ramadani in C:\Users\jeton.ramadani.CORP\IdeaProjects\Code Sharing Platform\Topics\Getting data from REST\Add annotations)
2022-04-02 21:24:46.851  INFO 10964 --- [    Test worker] task.Main                                : No active profile set, falling back to default profiles: default
2022-04-02 21:24:49.334  INFO 10964 --- [    Test worker] o.s.b.w.embedded.tomcat.TomcatWebServer  : Tomcat initialized with port(s): 28852 (http)
2022-04-02 21:24:49.349  INFO 10964 --- [    Test worker] o.apache.catalina.core.StandardService   : Starting service [Tomcat]
2022-04-02 21:24:49.349  INFO 10964 --- [    Test worker] org.apache.catalina.core.StandardEngine  : Starting Servlet engine: [Apache Tomcat/9.0.54]
2022-04-02 21:24:49.537  INFO 10964 --- [    Test worker] o.a.c.c.C.[Tomcat].[localhost].[/]       : Initializing Spring embedded WebApplicationContext
2022-04-02 21:24:49.537  INFO 10964 --- [    Test worker] w.s.c.ServletWebServerApplicationContext : Root WebApplicationContext: initialization completed in 2563 ms
2022-04-02 21:24:50.762  INFO 10964 --- [    Test worker] o.s.b.a.e.web.EndpointLinksResolver      : Exposing 14 endpoint(s) beneath base path '/actuator'
2022-04-02 21:24:50.840  INFO 10964 --- [    Test worker] o.s.b.w.embedded.tomcat.TomcatWebServer  : Tomcat started on port(s): 28852 (http) with context path ''
2022-04-02 21:24:50.855  INFO 10964 --- [    Test worker] task.Main                                : Started Main in 4.785 seconds (JVM running for 6.051)
2022-04-02 21:24:51.418  INFO 10964 --- [io-28852-exec-1] o.a.c.c.C.[Tomcat].[localhost].[/]       : Initializing Spring DispatcherServlet 'dispatcherServlet'
2022-04-02 21:24:51.418  INFO 10964 --- [io-28852-exec-1] o.s.web.servlet.DispatcherServlet        : Initializing Servlet 'dispatcherServlet'
2022-04-02 21:24:51.418  INFO 10964 --- [io-28852-exec-1] o.s.web.servlet.DispatcherServlet        : Completed initialization in 0 ms
?[1;31m
Start test 2?[0m
?[1;31m
Start test 3?[0m
?[1;31m
Start test 4?[0m
?[1;31m
Start test 5?[0m
?[1;31m
Start test 6?[0m
?[1;31m
Start test 7?[0m
?[1;31m
Start test 8?[0m
]]></system-out>
  <system-err><![CDATA[]]></system-err>
</testsuite>
